DEBUG:root:Log started at 2020-05-06 14:01:03.225066
DEBUG:urllib3.connectionpool:Starting new HTTP connection (1): stats.oecd.org:80
DEBUG:urllib3.connectionpool:http://stats.oecd.org:80 "GET /RESTSDMX/sdmx.ashx/GetDataStructure/ALL/ HTTP/1.1" 302 186
DEBUG:urllib3.connectionpool:Starting new HTTPS connection (1): stats.oecd.org:443
DEBUG:urllib3.connectionpool:https://stats.oecd.org:443 "GET /RESTSDMX/sdmx.ashx/GetDataStructure/ALL/ HTTP/1.1" 200 None
DEBUG:root:Log started at 2020-05-06 14:05:27.108495
DEBUG:urllib3.connectionpool:Starting new HTTP connection (1): stats.oecd.org:80
DEBUG:urllib3.connectionpool:http://stats.oecd.org:80 "GET /RESTSDMX/sdmx.ashx/GetDataStructure/ALL/ HTTP/1.1" 302 186
DEBUG:urllib3.connectionpool:Starting new HTTPS connection (1): stats.oecd.org:443
DEBUG:urllib3.connectionpool:https://stats.oecd.org:443 "GET /RESTSDMX/sdmx.ashx/GetDataStructure/ALL/ HTTP/1.1" 200 None
DEBUG:root:Log started at 2020-05-06 14:15:28.892966
DEBUG:urllib3.connectionpool:Starting new HTTP connection (1): stats.oecd.org:80
DEBUG:urllib3.connectionpool:http://stats.oecd.org:80 "GET /RESTSDMX/sdmx.ashx/GetDataStructure/ALL/ HTTP/1.1" 302 186
DEBUG:urllib3.connectionpool:Starting new HTTPS connection (1): stats.oecd.org:443
DEBUG:urllib3.connectionpool:https://stats.oecd.org:443 "GET /RESTSDMX/sdmx.ashx/GetDataStructure/ALL/ HTTP/1.1" 200 None
DEBUG:root:Log started at 2020-05-06 14:17:15.766098
DEBUG:urllib3.connectionpool:Starting new HTTP connection (1): stats.oecd.org:80
DEBUG:urllib3.connectionpool:http://stats.oecd.org:80 "GET /RESTSDMX/sdmx.ashx/GetDataStructure/ALL/ HTTP/1.1" 302 186
DEBUG:urllib3.connectionpool:Starting new HTTPS connection (1): stats.oecd.org:443
DEBUG:urllib3.connectionpool:https://stats.oecd.org:443 "GET /RESTSDMX/sdmx.ashx/GetDataStructure/ALL/ HTTP/1.1" 200 1474340
DEBUG:root:Log started at 2020-05-06 14:21:23.564758
DEBUG:urllib3.connectionpool:Starting new HTTP connection (1): stats.oecd.org:80
DEBUG:urllib3.connectionpool:http://stats.oecd.org:80 "GET /RESTSDMX/sdmx.ashx/GetDataStructure/ALL/ HTTP/1.1" 302 186
DEBUG:urllib3.connectionpool:Starting new HTTPS connection (1): stats.oecd.org:443
DEBUG:urllib3.connectionpool:https://stats.oecd.org:443 "GET /RESTSDMX/sdmx.ashx/GetDataStructure/ALL/ HTTP/1.1" 200 None
DEBUG:root:Log started at 2020-05-06 14:21:35.604924
DEBUG:urllib3.connectionpool:Starting new HTTP connection (1): stats.oecd.org:80
DEBUG:urllib3.connectionpool:http://stats.oecd.org:80 "GET /RESTSDMX/sdmx.ashx/GetDataStructure/ALL/ HTTP/1.1" 302 186
DEBUG:urllib3.connectionpool:Starting new HTTPS connection (1): stats.oecd.org:443
DEBUG:urllib3.connectionpool:https://stats.oecd.org:443 "GET /RESTSDMX/sdmx.ashx/GetDataStructure/ALL/ HTTP/1.1" 200 None
DEBUG:root:Log started at 2020-05-06 14:26:13.138467
DEBUG:urllib3.connectionpool:Starting new HTTP connection (1): stats.oecd.org:80
DEBUG:urllib3.connectionpool:http://stats.oecd.org:80 "GET /RESTSDMX/sdmx.ashx/GetDataStructure/ALL/ HTTP/1.1" 302 186
DEBUG:urllib3.connectionpool:Starting new HTTPS connection (1): stats.oecd.org:443
DEBUG:urllib3.connectionpool:https://stats.oecd.org:443 "GET /RESTSDMX/sdmx.ashx/GetDataStructure/ALL/ HTTP/1.1" 200 None
DEBUG:root:Log started at 2020-05-06 14:27:59.429221
DEBUG:urllib3.connectionpool:Starting new HTTP connection (1): stats.oecd.org:80
DEBUG:urllib3.connectionpool:http://stats.oecd.org:80 "GET /RESTSDMX/sdmx.ashx/GetDataStructure/ALL/ HTTP/1.1" 302 186
DEBUG:urllib3.connectionpool:Starting new HTTPS connection (1): stats.oecd.org:443
DEBUG:urllib3.connectionpool:https://stats.oecd.org:443 "GET /RESTSDMX/sdmx.ashx/GetDataStructure/ALL/ HTTP/1.1" 200 None
DEBUG:root:Log started at 2020-05-06 14:29:02.896063
DEBUG:urllib3.connectionpool:Starting new HTTP connection (1): stats.oecd.org:80
DEBUG:urllib3.connectionpool:http://stats.oecd.org:80 "GET /RESTSDMX/sdmx.ashx/GetDataStructure/ALL/ HTTP/1.1" 302 186
DEBUG:urllib3.connectionpool:Starting new HTTPS connection (1): stats.oecd.org:443
DEBUG:urllib3.connectionpool:https://stats.oecd.org:443 "GET /RESTSDMX/sdmx.ashx/GetDataStructure/ALL/ HTTP/1.1" 200 None
DEBUG:root:Log started at 2020-05-06 14:44:27.477255
DEBUG:urllib3.connectionpool:Starting new HTTP connection (1): stats.oecd.org:80
DEBUG:urllib3.connectionpool:http://stats.oecd.org:80 "GET /RESTSDMX/sdmx.ashx/GetDataStructure/ALL/ HTTP/1.1" 302 186
DEBUG:urllib3.connectionpool:Starting new HTTPS connection (1): stats.oecd.org:443
DEBUG:urllib3.connectionpool:https://stats.oecd.org:443 "GET /RESTSDMX/sdmx.ashx/GetDataStructure/ALL/ HTTP/1.1" 200 None
DEBUG:root:Log started at 2020-05-06 14:45:43.560625
DEBUG:urllib3.connectionpool:Starting new HTTP connection (1): stats.oecd.org:80
DEBUG:urllib3.connectionpool:http://stats.oecd.org:80 "GET /RESTSDMX/sdmx.ashx/GetDataStructure/ALL/ HTTP/1.1" 302 186
DEBUG:urllib3.connectionpool:Starting new HTTPS connection (1): stats.oecd.org:443
DEBUG:urllib3.connectionpool:https://stats.oecd.org:443 "GET /RESTSDMX/sdmx.ashx/GetDataStructure/ALL/ HTTP/1.1" 200 None
DEBUG:root:Log started at 2020-05-06 14:48:04.635302
DEBUG:urllib3.connectionpool:Starting new HTTP connection (1): stats.oecd.org:80
DEBUG:urllib3.connectionpool:http://stats.oecd.org:80 "GET /RESTSDMX/sdmx.ashx/GetDataStructure/ALL/ HTTP/1.1" 302 186
DEBUG:urllib3.connectionpool:Starting new HTTPS connection (1): stats.oecd.org:443
DEBUG:urllib3.connectionpool:https://stats.oecd.org:443 "GET /RESTSDMX/sdmx.ashx/GetDataStructure/ALL/ HTTP/1.1" 200 None
DEBUG:root:Log started at 2020-05-06 14:48:17.415878
DEBUG:urllib3.connectionpool:Starting new HTTP connection (1): stats.oecd.org:80
DEBUG:urllib3.connectionpool:http://stats.oecd.org:80 "GET /RESTSDMX/sdmx.ashx/GetDataStructure/ALL/ HTTP/1.1" 302 186
DEBUG:urllib3.connectionpool:Starting new HTTPS connection (1): stats.oecd.org:443
DEBUG:urllib3.connectionpool:https://stats.oecd.org:443 "GET /RESTSDMX/sdmx.ashx/GetDataStructure/ALL/ HTTP/1.1" 200 None
DEBUG:root:Log started at 2020-05-06 14:48:44.980364
DEBUG:urllib3.connectionpool:Starting new HTTP connection (1): stats.oecd.org:80
DEBUG:urllib3.connectionpool:http://stats.oecd.org:80 "GET /RESTSDMX/sdmx.ashx/GetDataStructure/ALL/ HTTP/1.1" 302 186
DEBUG:urllib3.connectionpool:Starting new HTTPS connection (1): stats.oecd.org:443
DEBUG:urllib3.connectionpool:https://stats.oecd.org:443 "GET /RESTSDMX/sdmx.ashx/GetDataStructure/ALL/ HTTP/1.1" 200 None
DEBUG:root:Log started at 2020-05-06 14:48:56.274364
DEBUG:urllib3.connectionpool:Starting new HTTP connection (1): stats.oecd.org:80
DEBUG:urllib3.connectionpool:http://stats.oecd.org:80 "GET /RESTSDMX/sdmx.ashx/GetDataStructure/ALL/ HTTP/1.1" 302 186
DEBUG:urllib3.connectionpool:Starting new HTTPS connection (1): stats.oecd.org:443
DEBUG:urllib3.connectionpool:https://stats.oecd.org:443 "GET /RESTSDMX/sdmx.ashx/GetDataStructure/ALL/ HTTP/1.1" 200 None
DEBUG:root:Log started at 2020-05-06 14:49:40.188335
DEBUG:urllib3.connectionpool:Starting new HTTP connection (1): stats.oecd.org:80
DEBUG:urllib3.connectionpool:http://stats.oecd.org:80 "GET /RESTSDMX/sdmx.ashx/GetDataStructure/ALL/ HTTP/1.1" 302 186
DEBUG:urllib3.connectionpool:Starting new HTTPS connection (1): stats.oecd.org:443
DEBUG:urllib3.connectionpool:https://stats.oecd.org:443 "GET /RESTSDMX/sdmx.ashx/GetDataStructure/ALL/ HTTP/1.1" 200 None
DEBUG:root:Log started at 2020-05-06 14:53:36.766759
DEBUG:urllib3.connectionpool:Starting new HTTP connection (1): stats.oecd.org:80
DEBUG:urllib3.connectionpool:http://stats.oecd.org:80 "GET /RESTSDMX/sdmx.ashx/GetDataStructure/ALL/ HTTP/1.1" 302 186
DEBUG:urllib3.connectionpool:Starting new HTTPS connection (1): stats.oecd.org:443
DEBUG:urllib3.connectionpool:https://stats.oecd.org:443 "GET /RESTSDMX/sdmx.ashx/GetDataStructure/ALL/ HTTP/1.1" 200 None
DEBUG:root:Log started at 2020-05-06 14:53:45.051632
DEBUG:urllib3.connectionpool:Starting new HTTP connection (1): stats.oecd.org:80
DEBUG:urllib3.connectionpool:http://stats.oecd.org:80 "GET /RESTSDMX/sdmx.ashx/GetDataStructure/ALL/ HTTP/1.1" 302 186
DEBUG:urllib3.connectionpool:Starting new HTTPS connection (1): stats.oecd.org:443
DEBUG:urllib3.connectionpool:https://stats.oecd.org:443 "GET /RESTSDMX/sdmx.ashx/GetDataStructure/ALL/ HTTP/1.1" 200 None
DEBUG:root:Log started at 2020-05-06 14:56:48.982524
DEBUG:urllib3.connectionpool:Starting new HTTP connection (1): stats.oecd.org:80
DEBUG:urllib3.connectionpool:http://stats.oecd.org:80 "GET /RESTSDMX/sdmx.ashx/GetDataStructure/ALL/ HTTP/1.1" 302 186
DEBUG:urllib3.connectionpool:Starting new HTTPS connection (1): stats.oecd.org:443
DEBUG:urllib3.connectionpool:https://stats.oecd.org:443 "GET /RESTSDMX/sdmx.ashx/GetDataStructure/ALL/ HTTP/1.1" 200 None
DEBUG:root:Log started at 2020-05-06 15:01:31.877989
DEBUG:urllib3.connectionpool:Starting new HTTP connection (1): stats.oecd.org:80
DEBUG:urllib3.connectionpool:http://stats.oecd.org:80 "GET /RESTSDMX/sdmx.ashx/GetDataStructure/ALL/ HTTP/1.1" 302 186
DEBUG:urllib3.connectionpool:Starting new HTTPS connection (1): stats.oecd.org:443
DEBUG:urllib3.connectionpool:https://stats.oecd.org:443 "GET /RESTSDMX/sdmx.ashx/GetDataStructure/ALL/ HTTP/1.1" 200 None
DEBUG:root:Log started at 2020-05-06 15:16:19.047339
DEBUG:urllib3.connectionpool:Starting new HTTP connection (1): stats.oecd.org:80
DEBUG:urllib3.connectionpool:http://stats.oecd.org:80 "GET /RESTSDMX/sdmx.ashx/GetDataStructure/ALL/ HTTP/1.1" 302 186
DEBUG:urllib3.connectionpool:Starting new HTTPS connection (1): stats.oecd.org:443
DEBUG:urllib3.connectionpool:https://stats.oecd.org:443 "GET /RESTSDMX/sdmx.ashx/GetDataStructure/ALL/ HTTP/1.1" 200 None
DEBUG:root:Log started at 2020-05-06 15:24:53.293090
DEBUG:urllib3.connectionpool:Starting new HTTP connection (1): stats.oecd.org:80
DEBUG:urllib3.connectionpool:http://stats.oecd.org:80 "GET /RESTSDMX/sdmx.ashx/GetDataStructure/ALL/ HTTP/1.1" 302 186
DEBUG:urllib3.connectionpool:Starting new HTTPS connection (1): stats.oecd.org:443
DEBUG:urllib3.connectionpool:https://stats.oecd.org:443 "GET /RESTSDMX/sdmx.ashx/GetDataStructure/ALL/ HTTP/1.1" 200 None
DEBUG:root:Log started at 2020-05-06 15:49:27.708600
DEBUG:urllib3.connectionpool:Starting new HTTP connection (1): stats.oecd.org:80
DEBUG:urllib3.connectionpool:http://stats.oecd.org:80 "GET /RESTSDMX/sdmx.ashx/GetDataStructure/ALL/ HTTP/1.1" 302 186
DEBUG:urllib3.connectionpool:Starting new HTTPS connection (1): stats.oecd.org:443
DEBUG:urllib3.connectionpool:https://stats.oecd.org:443 "GET /RESTSDMX/sdmx.ashx/GetDataStructure/ALL/ HTTP/1.1" 200 None
DEBUG:root:Log started at 2020-05-06 16:00:33.670141
DEBUG:urllib3.connectionpool:Starting new HTTP connection (1): stats.oecd.org:80
DEBUG:urllib3.connectionpool:http://stats.oecd.org:80 "GET /RESTSDMX/sdmx.ashx/GetDataStructure/ALL/ HTTP/1.1" 302 186
DEBUG:urllib3.connectionpool:Starting new HTTPS connection (1): stats.oecd.org:443
DEBUG:urllib3.connectionpool:https://stats.oecd.org:443 "GET /RESTSDMX/sdmx.ashx/GetDataStructure/ALL/ HTTP/1.1" 200 None
DEBUG:root:Log started at 2020-05-06 16:00:47.565776
DEBUG:urllib3.connectionpool:Starting new HTTP connection (1): stats.oecd.org:80
DEBUG:urllib3.connectionpool:http://stats.oecd.org:80 "GET /RESTSDMX/sdmx.ashx/GetDataStructure/ALL/ HTTP/1.1" 302 186
DEBUG:urllib3.connectionpool:Starting new HTTPS connection (1): stats.oecd.org:443
DEBUG:urllib3.connectionpool:https://stats.oecd.org:443 "GET /RESTSDMX/sdmx.ashx/GetDataStructure/ALL/ HTTP/1.1" 200 None
DEBUG:root:Log started at 2020-05-06 16:22:33.963272
DEBUG:urllib3.connectionpool:Starting new HTTP connection (1): stats.oecd.org:80
DEBUG:urllib3.connectionpool:http://stats.oecd.org:80 "GET /RESTSDMX/sdmx.ashx/GetDataStructure/ALL/ HTTP/1.1" 302 186
DEBUG:urllib3.connectionpool:Starting new HTTPS connection (1): stats.oecd.org:443
DEBUG:urllib3.connectionpool:https://stats.oecd.org:443 "GET /RESTSDMX/sdmx.ashx/GetDataStructure/ALL/ HTTP/1.1" 200 None
DEBUG:root:Log started at 2020-05-06 16:28:13.030817
DEBUG:urllib3.connectionpool:Starting new HTTP connection (1): stats.oecd.org:80
DEBUG:urllib3.connectionpool:http://stats.oecd.org:80 "GET /RESTSDMX/sdmx.ashx/GetDataStructure/ALL/ HTTP/1.1" 302 186
DEBUG:urllib3.connectionpool:Starting new HTTPS connection (1): stats.oecd.org:443
DEBUG:urllib3.connectionpool:https://stats.oecd.org:443 "GET /RESTSDMX/sdmx.ashx/GetDataStructure/ALL/ HTTP/1.1" 200 None
DEBUG:root:Log started at 2020-05-06 16:28:54.582762
DEBUG:urllib3.connectionpool:Starting new HTTP connection (1): stats.oecd.org:80
DEBUG:urllib3.connectionpool:http://stats.oecd.org:80 "GET /RESTSDMX/sdmx.ashx/GetDataStructure/ALL/ HTTP/1.1" 302 186
DEBUG:urllib3.connectionpool:Starting new HTTPS connection (1): stats.oecd.org:443
DEBUG:urllib3.connectionpool:https://stats.oecd.org:443 "GET /RESTSDMX/sdmx.ashx/GetDataStructure/ALL/ HTTP/1.1" 200 None
DEBUG:root:Log started at 2020-05-06 16:45:47.821193
DEBUG:urllib3.connectionpool:Starting new HTTP connection (1): stats.oecd.org:80
DEBUG:urllib3.connectionpool:http://stats.oecd.org:80 "GET /RESTSDMX/sdmx.ashx/GetDataStructure/ALL/ HTTP/1.1" 302 186
DEBUG:urllib3.connectionpool:Starting new HTTPS connection (1): stats.oecd.org:443
DEBUG:urllib3.connectionpool:https://stats.oecd.org:443 "GET /RESTSDMX/sdmx.ashx/GetDataStructure/ALL/ HTTP/1.1" 200 None
DEBUG:root:Log started at 2020-05-06 17:12:21.744574
DEBUG:urllib3.connectionpool:Starting new HTTP connection (1): stats.oecd.org:80
DEBUG:urllib3.connectionpool:http://stats.oecd.org:80 "GET /RESTSDMX/sdmx.ashx/GetDataStructure/ALL/ HTTP/1.1" 302 186
DEBUG:urllib3.connectionpool:Starting new HTTPS connection (1): stats.oecd.org:443
DEBUG:urllib3.connectionpool:https://stats.oecd.org:443 "GET /RESTSDMX/sdmx.ashx/GetDataStructure/ALL/ HTTP/1.1" 200 None
DEBUG:root:Log ended at 2020-05-06 17:12:27.291241
DEBUG:root:Log started at 2020-05-06 17:16:55.943238
DEBUG:urllib3.connectionpool:Starting new HTTP connection (1): stats.oecd.org:80
DEBUG:urllib3.connectionpool:http://stats.oecd.org:80 "GET /RESTSDMX/sdmx.ashx/GetDataStructure/ALL/ HTTP/1.1" 302 186
DEBUG:urllib3.connectionpool:Starting new HTTPS connection (1): stats.oecd.org:443
DEBUG:urllib3.connectionpool:https://stats.oecd.org:443 "GET /RESTSDMX/sdmx.ashx/GetDataStructure/ALL/ HTTP/1.1" 200 None
DEBUG:root:Log started at 2020-05-06 17:17:06.768989
DEBUG:urllib3.connectionpool:Starting new HTTP connection (1): stats.oecd.org:80
DEBUG:urllib3.connectionpool:http://stats.oecd.org:80 "GET /RESTSDMX/sdmx.ashx/GetDataStructure/ALL/ HTTP/1.1" 302 186
DEBUG:urllib3.connectionpool:Starting new HTTPS connection (1): stats.oecd.org:443
DEBUG:urllib3.connectionpool:https://stats.oecd.org:443 "GET /RESTSDMX/sdmx.ashx/GetDataStructure/ALL/ HTTP/1.1" 200 None
DEBUG:root:Log started at 2020-05-06 17:30:18.457147
DEBUG:urllib3.connectionpool:Starting new HTTP connection (1): stats.oecd.org:80
DEBUG:urllib3.connectionpool:http://stats.oecd.org:80 "GET /RESTSDMX/sdmx.ashx/GetDataStructure/ALL/ HTTP/1.1" 302 186
DEBUG:urllib3.connectionpool:Starting new HTTPS connection (1): stats.oecd.org:443
DEBUG:urllib3.connectionpool:https://stats.oecd.org:443 "GET /RESTSDMX/sdmx.ashx/GetDataStructure/ALL/ HTTP/1.1" 200 1474340
DEBUG:root:Log started at 2020-05-06 17:30:29.043427
DEBUG:urllib3.connectionpool:Starting new HTTP connection (1): stats.oecd.org:80
DEBUG:urllib3.connectionpool:http://stats.oecd.org:80 "GET /RESTSDMX/sdmx.ashx/GetDataStructure/ALL/ HTTP/1.1" 302 186
DEBUG:urllib3.connectionpool:Starting new HTTPS connection (1): stats.oecd.org:443
DEBUG:urllib3.connectionpool:https://stats.oecd.org:443 "GET /RESTSDMX/sdmx.ashx/GetDataStructure/ALL/ HTTP/1.1" 200 1474340
DEBUG:root:Log started at 2020-05-06 17:31:42.127964
DEBUG:urllib3.connectionpool:Starting new HTTP connection (1): stats.oecd.org:80
DEBUG:urllib3.connectionpool:http://stats.oecd.org:80 "GET /RESTSDMX/sdmx.ashx/GetDataStructure/ALL/ HTTP/1.1" 302 186
DEBUG:urllib3.connectionpool:Starting new HTTPS connection (1): stats.oecd.org:443
DEBUG:urllib3.connectionpool:https://stats.oecd.org:443 "GET /RESTSDMX/sdmx.ashx/GetDataStructure/ALL/ HTTP/1.1" 200 None
DEBUG:root:Log started at 2020-05-06 17:32:25.351182
DEBUG:urllib3.connectionpool:Starting new HTTP connection (1): stats.oecd.org:80
DEBUG:urllib3.connectionpool:http://stats.oecd.org:80 "GET /RESTSDMX/sdmx.ashx/GetDataStructure/ALL/ HTTP/1.1" 302 186
DEBUG:urllib3.connectionpool:Starting new HTTPS connection (1): stats.oecd.org:443
DEBUG:urllib3.connectionpool:https://stats.oecd.org:443 "GET /RESTSDMX/sdmx.ashx/GetDataStructure/ALL/ HTTP/1.1" 200 None
DEBUG:root:Log started at 2020-05-06 17:35:42.466433
DEBUG:urllib3.connectionpool:Starting new HTTP connection (1): stats.oecd.org:80
DEBUG:urllib3.connectionpool:http://stats.oecd.org:80 "GET /RESTSDMX/sdmx.ashx/GetDataStructure/ALL/ HTTP/1.1" 302 186
DEBUG:urllib3.connectionpool:Starting new HTTPS connection (1): stats.oecd.org:443
DEBUG:urllib3.connectionpool:https://stats.oecd.org:443 "GET /RESTSDMX/sdmx.ashx/GetDataStructure/ALL/ HTTP/1.1" 200 None
DEBUG:root:Log started at 2020-05-06 17:41:22.462387
DEBUG:urllib3.connectionpool:Starting new HTTP connection (1): stats.oecd.org:80
DEBUG:urllib3.connectionpool:http://stats.oecd.org:80 "GET /RESTSDMX/sdmx.ashx/GetDataStructure/ALL/ HTTP/1.1" 302 186
DEBUG:urllib3.connectionpool:Starting new HTTPS connection (1): stats.oecd.org:443
DEBUG:urllib3.connectionpool:https://stats.oecd.org:443 "GET /RESTSDMX/sdmx.ashx/GetDataStructure/ALL/ HTTP/1.1" 200 None
DEBUG:root:Log started at 2020-05-06 17:41:29.757839
DEBUG:urllib3.connectionpool:Starting new HTTP connection (1): stats.oecd.org:80
DEBUG:urllib3.connectionpool:http://stats.oecd.org:80 "GET /RESTSDMX/sdmx.ashx/GetDataStructure/ALL/ HTTP/1.1" 302 186
DEBUG:urllib3.connectionpool:Starting new HTTPS connection (1): stats.oecd.org:443
DEBUG:urllib3.connectionpool:https://stats.oecd.org:443 "GET /RESTSDMX/sdmx.ashx/GetDataStructure/ALL/ HTTP/1.1" 200 None
DEBUG:root:Log started at 2020-05-06 17:42:06.900773
DEBUG:urllib3.connectionpool:Starting new HTTP connection (1): stats.oecd.org:80
DEBUG:urllib3.connectionpool:http://stats.oecd.org:80 "GET /RESTSDMX/sdmx.ashx/GetDataStructure/ALL/ HTTP/1.1" 302 186
DEBUG:urllib3.connectionpool:Starting new HTTPS connection (1): stats.oecd.org:443
DEBUG:urllib3.connectionpool:https://stats.oecd.org:443 "GET /RESTSDMX/sdmx.ashx/GetDataStructure/ALL/ HTTP/1.1" 200 None
DEBUG:root:Log started at 2020-05-06 17:44:56.982390
DEBUG:urllib3.connectionpool:Starting new HTTP connection (1): stats.oecd.org:80
DEBUG:urllib3.connectionpool:http://stats.oecd.org:80 "GET /RESTSDMX/sdmx.ashx/GetDataStructure/ALL/ HTTP/1.1" 302 186
DEBUG:urllib3.connectionpool:Starting new HTTPS connection (1): stats.oecd.org:443
DEBUG:urllib3.connectionpool:https://stats.oecd.org:443 "GET /RESTSDMX/sdmx.ashx/GetDataStructure/ALL/ HTTP/1.1" 200 None
DEBUG:root:Log started at 2020-05-06 17:45:16.250681
DEBUG:urllib3.connectionpool:Starting new HTTP connection (1): stats.oecd.org:80
DEBUG:urllib3.connectionpool:http://stats.oecd.org:80 "GET /RESTSDMX/sdmx.ashx/GetDataStructure/ALL/ HTTP/1.1" 302 186
DEBUG:urllib3.connectionpool:Starting new HTTPS connection (1): stats.oecd.org:443
DEBUG:urllib3.connectionpool:https://stats.oecd.org:443 "GET /RESTSDMX/sdmx.ashx/GetDataStructure/ALL/ HTTP/1.1" 200 None
DEBUG:root:Log started at 2020-05-06 17:45:43.572610
DEBUG:urllib3.connectionpool:Starting new HTTP connection (1): stats.oecd.org:80
DEBUG:urllib3.connectionpool:http://stats.oecd.org:80 "GET /RESTSDMX/sdmx.ashx/GetDataStructure/ALL/ HTTP/1.1" 302 186
DEBUG:urllib3.connectionpool:Starting new HTTPS connection (1): stats.oecd.org:443
DEBUG:urllib3.connectionpool:https://stats.oecd.org:443 "GET /RESTSDMX/sdmx.ashx/GetDataStructure/ALL/ HTTP/1.1" 200 None
DEBUG:root:Log started at 2020-05-06 17:47:44.405908
DEBUG:urllib3.connectionpool:Starting new HTTP connection (1): stats.oecd.org:80
DEBUG:urllib3.connectionpool:http://stats.oecd.org:80 "GET /RESTSDMX/sdmx.ashx/GetDataStructure/ALL/ HTTP/1.1" 302 186
DEBUG:urllib3.connectionpool:Starting new HTTPS connection (1): stats.oecd.org:443
DEBUG:urllib3.connectionpool:https://stats.oecd.org:443 "GET /RESTSDMX/sdmx.ashx/GetDataStructure/ALL/ HTTP/1.1" 200 None
DEBUG:root:Log started at 2020-05-06 17:48:29.165694
DEBUG:urllib3.connectionpool:Starting new HTTP connection (1): stats.oecd.org:80
DEBUG:urllib3.connectionpool:http://stats.oecd.org:80 "GET /RESTSDMX/sdmx.ashx/GetDataStructure/ALL/ HTTP/1.1" 302 186
DEBUG:urllib3.connectionpool:Starting new HTTPS connection (1): stats.oecd.org:443
DEBUG:urllib3.connectionpool:https://stats.oecd.org:443 "GET /RESTSDMX/sdmx.ashx/GetDataStructure/ALL/ HTTP/1.1" 200 None
DEBUG:root:Log started at 2020-05-06 17:50:19.116704
DEBUG:urllib3.connectionpool:Starting new HTTP connection (1): stats.oecd.org:80
DEBUG:urllib3.connectionpool:http://stats.oecd.org:80 "GET /RESTSDMX/sdmx.ashx/GetDataStructure/ALL/ HTTP/1.1" 302 186
DEBUG:urllib3.connectionpool:Starting new HTTPS connection (1): stats.oecd.org:443
DEBUG:urllib3.connectionpool:https://stats.oecd.org:443 "GET /RESTSDMX/sdmx.ashx/GetDataStructure/ALL/ HTTP/1.1" 200 None
DEBUG:root:Log started at 2020-05-06 17:50:58.597460
DEBUG:urllib3.connectionpool:Starting new HTTP connection (1): stats.oecd.org:80
DEBUG:urllib3.connectionpool:http://stats.oecd.org:80 "GET /RESTSDMX/sdmx.ashx/GetDataStructure/ALL/ HTTP/1.1" 302 186
DEBUG:urllib3.connectionpool:Starting new HTTPS connection (1): stats.oecd.org:443
DEBUG:urllib3.connectionpool:https://stats.oecd.org:443 "GET /RESTSDMX/sdmx.ashx/GetDataStructure/ALL/ HTTP/1.1" 200 None
